[    0.000000] Initializing cgroup subsys cpuset
[    0.000000] Initializing cgroup subsys cpu
[    0.000000] Initializing cgroup subsys cpuacct
[    0.000000] Linux version 4.4.0-142-generic (buildd@lgw01-amd64-033) (gcc version 5.4.0 2160609 (Ubuntu 4.0-6ubutu1~16.04.10) ) #168-Ubuntu SMP Wed Jan 16 21:00:45 UTC 2019 (Ubuntu 4.4.0-142.168-generic 4.4.167)
[    0.000000] Command line: BOOT_IMAGE=/boot/vmlinuz-4.4.0-142-generic root=LABEL=cloudimg-roos ro console=tty1 console=ttyS0
[    0.000000] KERNEL supported cpus:
[    0.000000]   Intel GenuineIntel
[    0.000000]   AMD AuthenticAMD
[    0.000000]   Centaur CentaurHauls
[    0.000000] x86/fpu: xstate_offset[2]:  576, xstate_sizes[2]:  256
[    0.000000] x86/fpu: Supporting XSAVE feature 0x01: 'x87 floating point registers'
[    0.000000] x86/fpu: Supporting XSAVE feature 0x02: 'SSE registers'
[    0.000000] x86/fpu: Supporting XSAVE feature 0x04: 'AVX registers'
[    0.000000] x86/fpu: Enabled xstate features 0x7, context size is 832 bytes, using 'standard' format.
[    0.000000] e820: BIOS-provided psical RAmap:
[    0.000000] BIOS-e820: [mem 0x0000000000000000-0x0000000009fbff] usable
[    0.000000] BIOS-e820:mem 0x000000000009fc00-0x000000000009ffff] reserved
[    0.000000] BIOS-e820: [mem 0x00000000000f0000-0x00000000000fffff] reserved
[    0.000000] BIOS-e820: [mem 0x0000000000100000-0x00000000dffeffff] usable
[    0.000000] BIOS-e820: [mem 0x00000000dfff0000-0x00000000dfffffff] ACPI data
[    0.000000] BIOS-e820: [mem 0x00000000fec00000-0x00000000fec00fff rserved
[    0.000000] BIOS-e820: [mem 0x00000000fee00000-0x00000000fee00fff] reserved
[    0.000000BIS-820: [mem 0x00000000fffc0000-0x00000000ffffffff] reserved
[    0.000000] BIOS-e820: [mem 0x0000000100000000-0x000000011fffffff] usable
[    0.000000] NX (Execute Disable) otection: active
[    0.000000] SMBIOS 2.5 present.
[    0.000000] Hypervisor detete:  KVM
[    0.000000] e820: last_pfn = 0x120000 max_arch_pfn = 0x400000000
[    0.000000] MTRR: Disabled
[    0.000000] x86/PAT: MTRRs disabled, skipping PAT initialization too.
[    0.000000] CPU MTRRs all blnk - virtualized system.
[    0.000000] x86/PAT: Configuration [0-7] WB  WT  UC- UC  WB  WT  UC- UC  
[    0.000000] e820: ast_fn= 0xdfff0max_arch_pfn = 0x400000000
[    0.000000] found SMP MP-table at [mem 0x0009fff0-0x0009fff] mapped at [ffff88000009fff0]
[    0.000000] Scanning 1 areas for low memory corruption
[    0.000000] RAMDISK: [mem 0x36306000-0x3717afff]
[    0.000000] ACPI: Early table checksum verification disabled
[    0.000000] ACPI: RSDP 0x00000000000E0000 000024 (v02 VBOX  )
[   0.000000] ACPI: XSDT 0x00000000DFFF0030 00003C (v01 VBOX   VBOXXSDT 00000001 ASL  00000061)
[    0.000000] ACPI: FACP 0x00000000DFFF00F0 0000F4 (v04 VBOX   VBOXFACP 00000001 ASL  00000061)
[    0.000000] ACPI: DSDT 0x00000000DFFF0470 0021FF (v02 VBOX   VBOXBIOS 00000002 INTL 20180629)
[    0.000000] ACPI: FACS 0x00000000DFFF0200 000040
[    0.000000] ACPI: FACS 0x00000000DFF200 000040
[    0.000000] ACPI: APIC 0x00000000DFFF0240 00005C (v02 VBOX   VBOXAPIC 00000001 ASL  00000061)
[    0.000000] ACPI: SSDT 0x00000000DFFF02A0 0001CC (v01 VBOX   VBOXCPUT 00000002 INTL 20180629)
[    0.000000] No NUMA configuration found
[    0.000000] Faking a node at [mem 0x0000000000000000-0x000000011fffffff]
[    0.000000] NODE_DATA(0) allocated [mem 0x11fff7000-0x11fffbfff]
[    0.000000] kvm-clock: Using msrs 4b564d01 and 4b564d00
[    0.000000] kvm-clock: cpu 0, msr 1:1ffef001, primary cpu clock
[    0.000000] kvm-clock: using sched offset of 3148645778 cycles
[    0.000000] clksource: kvm-clock: mask: 0xffffffffffffffff max_cycles: 0x1cd42e4dffb, max_idle_ns: 881590591483 ns
[    0.000000] Zone ranges:
[    0.000000]   DMA      [mem 0x0000000000001000-0x0000000000ffffff]
[    0.000000]   DMA32    [mem 0x0000000001000000-0x00000000ffffffff]
[    0.000000]   Normal   [mem x0000000100000000-0x000000011fffffff]
[    0.00000]   Device   empty
[    0.000000]Movable zone start for each node
[    0.000000] Early memory node ranges
[    0.000000]   node   0: [mem 0x0000000000001000-0x000000000009efff]
[    0.000000]   node   0: [mem 0x0000000000100000-0x00000000dffeffff]
[    0.000000]   node   0: [mem 0x0000000100000000-0x000000011fffffff][    0.000000] Initmem setup node 0 [mem 0x0000000000001000-0x000000011fffffff]
[    0.000000] ACPI: PM-Timer IO Port: 0x4008
[    0.000000 IOAPIC[0]: apic_id 2, vrsion 32, address 0xfec00000, GSI 0-23
[    0.0000] ACPI: INT_SROVR (bu 0 bus_irq 0 global_irq 2 dfl dfl)
[    0.000000] ACPI: INT_SRC_OVR (bus 0 bus_irq 9 globalirq 9 low lvel)
[    0.000000] Using ACPI (MADT) for SMP configuraon inrmation
[    0.00000] smpboot: Allowing 2 CPUs, 0 hotplug CPUs
[    0.000000] PM: Registered nosave mory: [mem 0x00000000-0x00000fff]
[    0.000000] PM: Registered nosave memory: [mem 0x0009f000-0x0009ffff]
[    0.000000] PM: Registered nosave memory: [mem 0x000a0000-0x000effff]
[    0.000000] PM: Registered nosave memory: [mem 0x000f0000-0x000fffff]
    0.000000] PM: Registered nosave memory: [mem 0xdfff0000-0xdfffffff]
[    0.000000] PM: Registered nosave memory: [mem 0xe0000000-0xfebfffff]
[    0.000000] PM: Registered nosave memory: [mem 0xfec00000-0xfec00fff]
[    0.000000] PM: Registered nosave memory: [mem 0xfec01000-0xfedfffff]
[    0.000000] PM: Registered nosave memory: [mem 0xfee00000-0xfee00fff]
[    0.000000] PM: Registered nosave memory: [mem 0xfee01000-0xfffbffff]
[    0.000000] PM: Registered nosave memory: [mem 0xfffc0000-0xffffffff]
[    0.000000] e820: [mem 0xe0000000-0xfebfffff] available for PCI devices
[   0.000000] Booting paravirtualized kernel on KVM
[    0.000000] clocksource: refined-jiffies: mask: 0xffffffff max_cycle 0xffffffff, max_idle_ns: 7645519600211568 ns
[    0.000000] setup_percpu: NR_CPUS:512 nr_cpumask_bits:512 nr_cpu_ids:2 nr_node_ids:
[    0.000000]PERCPU: Embdded 34 pages/cpu @ffff88011fc00000 s99480 r8192d31592 u1048576
[    0.000000] Built 1 zonelistsn ode order,obility grouping on.  Total pages: 1032056
[    0.000000] Policy zone: Normal
[    0.000000] Kernel command line: BOOT_IMAGE=/boo/vmlinuz-4.4.0-142-generic root=LABEL=cloudimg-rootfs ro console=tty1 console=ttyS0
[    0.000000] PID hash table entries: 4096 (order: 3, 32768 bytes)
[    000000] Memory: 402824K/4193848K available (8603K kernel code, 1332K rwdata, 4004K rodata, 1484K init, 1316K bss, 165608K reserved, 0K cma-reserved)
[    0.000000] SLUB: HWalign=64, Order=0-3, MinObjects=0, CPUss=2Nodes=1
[    0.000000] Kernel/Usepage tables isolation: enabled
[    0.000000] Hierarchical RCU implementation.
[    0.000000] 	Build-time adjustment of leaf fanout to 64.
[    0.000000] 	RCU restrcting CPUs from NR_CPUS=512 to nr_cpu_ids=2.
[    0.000000] RCU: Adjusting geometry for rcu_fanout_leaf=64, nr_cpu_ids=2
[    0.000000] NR_IRQS:33024 nr_irqs:440 16
[    0.000000] Console: colour VGA+ 80x25
[    0.000000] console [tty1] enabled
[    0.000000] console [ttyS0] enabled
[    0.000000] tsc: Detected 3096.000 MHz processor
[    1.531680] Calibrating delay loop (skipped) preset value..6192.00 BogoMIPS (lpj=12384000)
[    1.563088] pid_max: default: 32768 minimum: 301
[    1.567078] ACPI: Core revision 20150930
[    1.569029] ACPI: 2 ACPI AML tables successfully acquired and loaded
[    1.570269] Security Framework initialized
[    1.571080] Yama: becoming mindful.
[    1.582467] AppArmor: AppArmor initialized
[    1.589445] Dentry cache hash table entries: 524288 (order: 10, 4194304 bytes)
[    1.597384] Inode-cache hash table entries: 262144 (order: 9, 2097152 bytes)
[    1.622389] Mount-cache hash table entries: 8192 (order: 4, 65536 bytes)
[    1.623563] Mountpoint-cache hash table entries: 8192 (order: 4, 65536 bytes)
[    1.626851] Initializing cgroup subsys io
[    1.636827] Initializing cgroup subsys memory
[    1.642744] Initializing cgroup subsys devices
[    1.643460] Initializing cgroup subsys freezer
[    1.649558] Initializing cgroup subsys net_cls
[    1.650317] Initializing cgroup subsys perf_event
[    1.661728] Initializing cgroup subsys net_prio
[    1.662425] Initializing cgroup subsys hugetlb
[    1.663229] Initializing cgroup subsys pids
[    1.665007] mce: CPU supports 0 MCE banks
[    1.665723] Last level iTLB entries: 4KB 64, 2MB 8, 4MB 8
[    1.666571] Last level dTLB entries: 4KB 64, 2MB 0, 4MB 0, 1GB 4
[    1.667517] Spectre V2 : Mitigation: Full generic retpoline
[    1.668353] Spectre V2 : Spectre v2 / SpectreRSB mitigation: Filling RSB on context switch
[    1.684176] Speculative Store Bypass: Vulnerable
[    1.697951] Freeing SMP alternatives memory: 32K
[    1.715249] ftrace: allocating 32277 entries in 127 pages
[    1.771027] smpboot: APIC(0) Converting physical 0 to logical package 0
[    1.772001] smpboot: Max logical packages: 1
[    1.779360] x2apic enabled
[    1.795446] Switched APIC routing to physical x2apic.
[    1.797234] ..TIMER: vector=0x30 apic1=0 pin1=2 apic2=-1 pin2=-1
[    1.912002] smpboot: CPU0: Intel(R) Xeon(R) CPU E3-1535M v6 @ 3.10GHz (family: 0x6, model: 0x9e, stepping: 0x9)
[    1.919027] Performance Events: unsupported p6 CPU model 158 no PMU driver, software events only.
[    1.945534] KVM setup paravirtual spinlock
[    1.947023] x86: Booting SMP configuration:
[    1.958290] .... node  #0, CPUs:      #1
[    1.959025] kvm-clock: cpu 1, msr 1:1ffef041, secondary cpu clock
[    1.960894] mce: CPU supports 0 MCE banks
[    1.969071] x86: Booted up 1 node, 2 CPUs
[    1.977510] smpboot: Total of 2 processors activated (12384.00 BogoMIPS)
[    1.990502] devtmpfs: initialized
[    1.996379] evm: security.selinux
[    1.997012] evm: security.SMACK64
[    1.997532] evm: security.SMACK64EXEC
[    1.998074] evm: security.SMACK64TRANSMUTE
[    1.998691] evm: security.SMACK64MMAP
[    1.999266] evm: security.ima
[    1.999846] evm: security.capability
[    2.002100] clocksource: jiffies: mask: 0xffffffff max_cycles: 0xffffffff, max_idle_ns: 7645041785100000 ns
[    2.011354] futex hash table entries: 512 (order: 3, 32768 bytes)
[    2.012871] pinctrl core: initialized pinctrl subsystem
[    2.013876] RTC time: 10:37:33, date: 02/11/19
[    2.014737] NET: Registered protocol family 16
[    2.025355] cpuidle: using governor ladder
[    2.036877] cpuidle: using governor menu
[    2.042945] PCCT header not found.
[    2.043728] ACPI: bus type PCI registered
[    2.044502] acpiphp: ACPI Hot Plug PCI Controller Driver version: 0.5
[    2.045410] PCI: Using configuration type 1 for base access
[    2.057795] ACPI: Added _OSI(Module Device)
[    2.058538] ACPI: Added _OSI(Processor Device)
[    2.079955] ACPI: Added _OSI(3.0 _SCP Extensions)
[    2.080592] ACPI: Added _OSI(Processor Aggregator Device)
[    2.081972] ACPI: Executed 1 blocks of module-level executable AML code
[    2.085282] ACPI: Interpreter enabled
[    2.092217] ACPI: (supports S0 S5)
[    2.092750] ACPI: Using IOAPIC for interrupt routing
[    2.093613] PCI: Using host bridge windows from ACPI; if necessary, use "pci=nocrs" and report a bug
[    2.103132] ACPI: PCI Root Bridge [PCI0] (domain 0000 [bus 00-ff])
[    2.104069] acpi PNP0A03:00: _OSC: OS supports [ASPM ClockPM Segments MSI]
[    2.115782] acpi PNP0A03:00: _OSC: not requesting OS control; OS requires [ExtendedConfig ASPM ClockPM MSI]
[    2.146290] acpi PNP0A03:00: fail to add MMCONFIG information, can't access extended PCI configuration space under this bridge.
[    2.153338] PCI host bridge to bus 0000:00
[    2.154024] pci_bus 0000:00: root bus resource [io  0x0000-0x0cf7 window]
[    2.158326] pci_bus 0000:00: root bus resource [io  0x0d00-0xffff window]
[    2.168308] pci_bus 0000:00: root bus resource [mem 0x000a0000-0x000bffff window]
[    2.177751] pci_bus 0000:00: root bus resource [mem 0xe0000000-0xfdffffff window]
[    2.180097] pci_bus 0000:00: root bus resource [bus 00-ff]
[    2.187681] pci 0000:00:01.1: legacy IDE quirk: reg 0x10: [io  0x01f0-0x01f7]
[    2.199266] pci 0000:00:01.1: legacy IDE quirk: reg 0x14: [io  0x03f6]
[    2.200180] pci 0000:00:01.1: legacy IDE quirk: reg 0x18: [io  0x0170-0x0177]
[    2.207664] pci 0000:00:01.1: legacy IDE quirk: reg 0x1c: [io  0x0376]
[    2.282637] pci 0000:00:07.0: quirk: [io  0x4000-0x403f] claimed by PIIX4 ACPI
[    2.292032] pci 0000:00:07.0: quirk: [io  0x4100-0x410f] claimed by PIIX4 SMB
[    2.334282] ACPI: PCI Interrupt Link [LNKA] (IRQs 5 9 10 *11)
[    2.342534] ACPI: PCI Interrupt Link [LNKB] (IRQs 5 9 *10 11)
[    2.354554] ACPI: PCI Interrupt Link [LNKC] (IRQs 5 *9 10 11)
[    2.356238] ACPI: PCI Interrupt Link [LNKD] (IRQs 5 9 10 *11)
[    2.357940] ACPI: Enabled 2 GPEs in block 00 to 07
[    2.365134] vgaarb: setting as boot device: PCI:0000:00:02.0
[    2.371513] vgaarb: device added: PCI:0000:00:02.0,decodes=io+mem,owns=io+mem,locks=none
[    2.386197] vgaarb: loaded
[    2.397321] vgaarb: bridge control possible 0000:00:02.0
[    2.398406] SCSI subsystem initialized
[    2.399515] ACPI: bus type USB registered
[    2.401060] usbcore: registered new interface driver usbfs
[    2.402768] usbcore: registered new interface driver hub
[    2.414692] usbcore: registered new device driver usb
[    2.426464] PCI: Using ACPI for IRQ routing
[    2.429225] NetLabel: Initializing
[    2.432951] NetLabel:  domain hash size = 128
[    2.433766] NetLabel:  protocols = UNLABELED CIPSOv4
[    2.439990] NetLabel:  unlabeled traffic allowed by default
[    2.446493] amd_nb: Cannot enumerate AMD northbridges
[    2.448018] clocksource: Switched to clocksource kvm-clock
[    2.465564] AppArmor: AppArmor Filesystem Enabled
[    2.466439] pnp: PnP ACPI init
[    2.467613] pnp: PnP ACPI: found 3 devices
[    2.4080] clocksource: acpi_pm: mask0xfffff ax_cycles: 0xffffff, max_idle_ns: 2085701024 ns
[    2.618298] NET: Registered protocol famly 2

[    644960] TCP established hash table entries: 32768 (order: 6, 262144 bytes)

[    2.695918] TCP bind hash table entries: 32768 (order: 7, 524288 bytes)
[    2.697311] TCP: Hash tables configured (established 32768 bind 32768)
[    2.698190] UDP hash table entries: 2048 (order: 4, 65536 bytes)
[    2.699057] UDP-Lite hash table entries: 2048 (order: 4, 65536 bytes)
[    2.699977] NET: Registered protocol fil 1
[    2.773031] pci 0000:00:00.0: Limiting direct PCI/PCI transfers
[    774143] pci 0000:00:01.0: Activating ISA DMA hang workarounds
[    2.819494] Unpackin itramfs.

[    3.152025] Freeing initrd memory: 14804K
[    3.153002] PCI-DMA: Using software bounce buffering for IO (SWIOTLB)
[    3.154161] software IO TLB [mem 0xdbff0000-0xdfff0000] (64MB) mapped at [ffff8800dbff0000-ffff8800dffeffff]
[    3.157793] platform rtc_cmos: registered platform RTC device (no PNP device found)
[    3.160214] Scanning for low memory corruption every 60 seconds
[    3.176824] audit: initializing netlink subsys (disabled)
[    3.189782] audit: type=2000 audit(1549881457.206:1): initialized
[    3.191189] Initialise system trusted keyring
[    3.196071] HugeTLB registered 2 MB page size, pre-allocated 0 pages
[    3.198463] zbud: loaded
[    3.202212] VFS: Disk quotas dquot_6.6.0
[    3.209750] VFS: Dquot-cache hash table entries: 512 (order 0, 4096 bytes)
[    3.220376] squashfs: version 4.0 (2009/01/31) Phillip Lougher
[    3.221692] fuse init (API version 7.23)
[    3.244375] Key type big_key registered
[    3.245559] Allocating IMA MOK and blacklist keyrings.
[    3.266435] Key type asymmetric registered
[    3.276634] Asymmetric key parser 'x509' registered
[    3.288972] Block layer SCSI generic (bsg) driver version 0.4 loaded (major 249)
[    3.346309] io scheduler noop registered
[    3.347117] io scheduler deadline registered (default)
[    3.355652] io scheduler cfq registered
[    3.366040] pci_hotplug: PCI Hot Plug PCI Core version: 0.5
[    3.375237] pciehp: PCI Express Hot Plug Controller Driver version: 0.4
[    3.385713] ACPI: AC Adapter [AC] (on-line)
[    3.387883] input: Power Button as /devices/LNXSYSTM:00/LNXPWRBN:00/input/input0
[    3.405072] ACPI: Power Button [PWRF]
[    3.405885] input: Sleep Button as /devices/LNXSYSTM:00/LNXSLPBN:00/input/input1
[    3.439385] ACPI: Sleep Button [SLPF]
[    3.451248] GHES: HEST is not enabled!
[    3.453055] ACPI: Battery Slot [BAT0] (battery present)
[    3.469815] Serial: 8250/16550 driver, 32 ports, IRQ sharing enabled
[    3.492453] 00:02: ttyS0 at I/O 0x3f8 (irq = 4, base_baud = 115200) is a 16550A
[    3.494562] Linux agpgart interface v0.103
[    3.515259] loop: module loaded
[    3.525526] scsi host0: ata_piix
[    3.526223] scsi host1: ata_piix
[    3.530209] ata1: PATA max UDMA/33 cmd 0x1f0 ctl 0x3f6 bmdma 0xd000 irq 14
[    3.546293] ata2: PATA max UDMA/33 cmd 0x170 ctl 0x376 bmdma 0xd008 irq 15
[    3.570500] libphy: Fixed MDIO Bus: probed
[    3.578304] tun: Universal TUN/TAP device driver, 1.6
[    3.579339] tun: (C) 1999-2004 Max Krasnyansky <maxk@qualcomm.com>
[    3.596243] PPP generic driver version 2.4.2
[    3.597362] ehci_hcd: USB 2.0 'Enhanced' Host Controller (EHCI) Driver
[    3.598728] ehci-pci: EHCI PCI platform driver
[    3.606122] ehci-platform: EHCI generic platform driver
[    3.626068] ohci_hcd: USB 1.1 'Open' Host Controller (OHCI) Driver
[    3.654226] ohci-pci: OHCI PCI platform driver
[    3.654961] ohci-platform: OHCI generic platform driver
[    3.655862] uhci_hcd: USB Universal Host Controller Interface driver
[    3.676479] i8042: PNP: PS/2 Controller [PNP0303:PS2K,PNP0f03:PS2M] at 0x60,0x64 irq 1,12
[    3.678351] serio: i8042 KBD port at 0x60,0x64 irq 1
[    3.682269] serio: i8042 AUX port at 0x60,0x64 irq 12
[    3.696242] mousedev: PS/2 mouse device common for all mice
[    3.697642] input: AT Translated Set 2 keyboard as /devices/platform/i8042/serio0/input/input2
[    3.699934] rtc_cmos rtc_cmos: rtc core: registered rtc_cmos as rtc0
[    3.701261] rtc_cmos rtc_cmos: alarms up to one day, 114 bytes nvram
[    3.709334] i2c /dev entries driver
[    3.710182] device-mapper: uevent: version 1.0.3
[    3.713130] device-mapper: ioctl: 4.34.0-ioctl (2015-10-28) initialised: dm-devel@redhat.com
[    3.714828] ledtrig-cpu: registered to indicate activity on CPUs
[    3.726291] NET: Registered protocol family 10
[    3.727126] NET: Registered protocol family 17
[    3.733405] Key type dns_resolver registered
[    3.746796] registered taskstats version 1
[    3.752829] Loading compiled-in X.509 certificates
[    3.761034] Loaded X.509 cert 'Build time autogenerated kernel key: bff73e56bc0efa7435b2a24f5427674623f1be80'
[    3.765615] zswap: loaded using pool lzo/zbud
[    3.768139] Key type trusted registered
[    3.777164] Key type encrypted registered
[    3.780642] AppArmor: AppArmor sha1 policy hashing enabled
[    3.792254] ima: No TPM chip found, activating TPM-bypass!
[    3.823358] ima: Allocated hash algorithm: sha1
[    3.824484] evm: HMAC attrs: 0x1
[    3.825560]   Magic number: 7:441:628
[    3.831821] rtc_cmos rtc_cmos: setting system clock to 2019-02-11 10:37:34 UTC (1549881454)
[    3.83958] BIOS EDfacility v0.16 2004-Jun-25, 0 devices found
[    3.916016] EDD information not available.

[    3.918370] Freeing unused kernel memory: 1484K
[    3.949514] Write protecting the kernel read-only data: 14336k
[    3.960466] Freeing unused kernel memory: 1624K
[    3.962190] Freeing unused kernel memory: 92K
Loading, please [    3.995370] random: systemd-udevd: uninitialized urandom read (16 bytes read, 3 bits of entropy available)
wait...
starting version 229
[    3.996037] random: udevadm: uninitialized urandom read (16 bytes read, 3 bits of entropy available)
[    3.996055] random: udevadm: uninitialized urandom read (16 bytes read, 3 bits of entropy available)
[    4.006036] random: udevadm: uninitialized urandom read (16 bytes read, 3 bits of entropy available)
[    4.006085] random: udevadm: uninitialized urandom read (16 bytes read, 3 bits of entropy available)
[    4.006249] random: udevadm: uninitialized urandom read (16 bytes read, 3 bits of entropy available)
[    4.006309] random: udevadm: uninitialized urandom read (16 bytes read, 3 bits of entropy available)
[    4.006361] random: udevadm: uninitialized urandom read (16 bytes read, 3 bits of entropy available)
[    4.006410] random: udevadm: uninitialized urandom read (16 bytes read, 3 bits of entropy available)
[    4.006455] random: udevadm: uninitialized urandom read (16 bytes read, 3 bits of entropy available)
[    4.186295] e1000: Intel(R) PRO/1000 Network Driver - version 7.3.21-k8-NAPI
[    4.195945] e1000: Copyright (c) 1999-2006 Intel Corporation.
[    4.198770] Fusion MPT base driver 3.04.20
[    4.217133] Copyright (c) 1999-2008 LSI Corporation
[    4.248118] Fusion MPT SPI Host driver 3.04.20
[    4.258612] AVX2 version of gcm_enc/dec engaged.
[    4.259409] AES CTR mode by8 optimization enabled
[    4.471958] input: ImExPS/2 Generic Explorer Mouse as /devices/platform/i8042/serio1/input/input4
[    4.605476] e1000 0000:00:03.0 eth0: (PCI:33MHz:32-bit) 02:82:01:2e:28:d8
[    4.786508] e1000 0000:00:03.0 eth0: Intel(R) PRO/1000 Network Connection
[    5.155197] tsc: Refined TSC clocksource calibration: 3097.205 MHz
[    5.157821] clocksource: tsc: mask: 0xffffffffffffffff max_cycles: 0x2ca4f7998c4, max_idle_ns: 440795332272 ns
[    5.178823] e1000 0000:00:08.0 eth1: (PCI:33MHz:32-bit) 08:00:27:4b:88:71
[    5.279712] e1000 0000:00:08.0 eth1: Intel(R) PRO/1000 Network Connection
[    5.298417] e1000 0000:00:03.0 enp0s3: renamed from eth0
[    5.312832] mptbase: ioc0: Initiating bringup
[    5.344253] e1000 0000:00:08.0 enp0s8: renamed from eth1
[    5.407509] ioc0: LSI53C1030 A0: Capabilities={Initiator}
[    6.147019] scsi host2: ioc0: LSI53C1030 A0, FwRev=00000000h, Ports=1, MaxQ=256, IRQ=20
[    6.615579] scsi 2:0:0:0: Direct-Access     VBOX     HARDDISK         1.0  PQ: 0 ANSI: 5
[    6.617253] scsi target2:0:0: Beginning Domain Validation
[    6.618986] scsi target2:0:0: Domain Validation skipping write tests
[    6.620111] scsi target2:0:0: Ending Domain Validation
[    6.621192] scsi target2:0:0: asynchronous
[    6.622382] scsi 2:0:1:0: Direct-Access     VBOX     HARDDISK         1.0  PQ: 0 ANSI: 5
[    6.629385] scsi target2:0:1: Beginning Domain Validation
[    6.631062] scsi target2:0:1: Domain Validation skipping write tests
[    6.632120] scsi target2:0:1: Ending Domain Validation
[    6.633128] scsi target2:0:1: asynchronous
[    6.639135] sd 2:0:0:0: [sda] 20971520 512-byte logical blocks: (10.7 GB/10.0 GiB)
[    6.640807] sd 2:0:0:0: Attached scsi generic sg0 type 0
[    6.652499] sd 2:0:0:0: [sda] Write Protect is off
[    6.670398] sd 2:0:0:0: [sda] Incomplete mode parameter data
[    6.681728] sd 2:0:0:0: [sda] Assuming drive cache: write through
[    6.686886] sd 2:0:1:0: Attached scsi generic sg1 type 0
[    6.687834] sd 2:0:1:0: [sdb] 20480 512-byte logical blocks: (10.5 MB/10.0 MiB)
[    6.690006] sd 2:0:1:0: [sdb] Write Protect is off
[    6.690987] sd 2:0:1:0: [sdb] Incomplete mode parameter data
[    6.715310] sd 2:0:1:0: [sdb] Assuming drive cache: write through
[    6.721642]  sda: sda1
[    6.722930] sd 2:0:0:0: [sda] Attached SCSI disk
[    6.725362] sd 2:0:1:0: [sdb] Attached SCSI disk
Begin: Loading essential drivers ... [    8.054228] md: linear personality registered for level -1
[    8.074600] md: multipath personality registered for level -4
[    8.083267] md: raid0 personality registered for level 0
[    8.093106] md: raid1 personality registered for level 1
[    8.164124] raid6: sse2x1   gen() 10607 MB/s
[    8.248097] raid6: sse2x1   xor()  7570 MB/s
[    8.320052] raid6: sse2x2   gen() 13200 MB/s
[    8.392100] raid6: sse2x2   xor()  8553 MB/s
[    8.472091] raid6: sse2x4   gen() 13483 MB/s
[    8.544089] raid6: sse2x4   xor()  7972 MB/s
[    8.612072] raid6: avx2x1   gen() 20086 MB/s
[    8.692112] raid6: avx2x2   gen() 22694 MB/s
[    8.763600] raid6: avx2x4   gen() 26699 MB/s
[    8.777149] raid6: using algorithm avx2x4 gen() 26699 MB/s
[    8.778111] raid6: using avx2x2 recovery algorithm
[    8.788788] xor: automatically using best checksumming function:
[    8.835214]    avx       : 47689.000 MB/sec
[    8.837448] async_tx: api initialized (async)
[    8.847796] md: raid6 personality registered for level 6
[    8.848684] md: raid5 personality registered for level 5
[    8.861131] md: raid4 personality registered for level 4
[    8.886587] md: raid10 personality registered for level 10
done.
Begin: Running /scripts/init-premount ... done.
Begin: Mounting root file system ... Begin: Running /scripts/local-top ... done.
Begin: Ru[    8.944153] Btrfs loaded
nning /scripts/local-premount ... Scanning for Btrfs filesystems
done.
Warning: fsck not present, so skipping root file system
[    8.973653] EXT4-fs (sda1): mounted filesystem with ordered data mode. Opts: (null)
done.
Begin: Running /scripts/local-bottom ... done.
Begin: Running /scripts/init-bottom ... done.
[    9.061562] systemd[1]: systemd 229 running in system mode. (+PAM +AUDIT +SELINUX +IMA +APPARMOR +SMACK +SYSVINIT +UTMP +LIBCRYPTSETUP +GCRYPT +GNUTLS +ACL +XZ -LZ4 +SECCOMP +BLKID +ELFUTILS +KMOD -IDN)
[    9.064694] systemd[1]: Detected virtualization oracle.
[    9.116737] systemd[1]: Detected architecture x86-64.

Welcome to [1mUbuntu 16.04.5 LTS[0m!

[    9.119421] systemd[1]: Set hostname to <k8s-node-2>.
[    9.244797] systemd[1]: Listening on Journal Socket.
[[0;32m  OK  [0m] Listening on Journal Socket.
[    9.260236] systemd[1]: Reached target User and Group Name Lookups.
[[0;32m  OK  [0m] Reached target User and Group Name Lookups.
[    9.262375] systemd[1]: Listening on Device-mapper event daemon FIFOs.
[[0;32m  OK  [0m] Listening on Device-mapper event daemon FIFOs.
[    9.264933] systemd[1]: Listening on udev Kernel Socket.
[[0;32m  OK  [0m] Listening on udev Kernel Socket.
[    9.301619] systemd[1]: Reached target Swap.
[[0;32m  OK  [0m] Reached target Swap.
[    9.308832] systemd[1]: Listening on /dev/initctl Compatibility Named Pipe.
[[0;32m  OK  [0m] Listening on /dev/initctl Compatibility Named Pipe.
[    9.315342] systemd[1]: Listening on LVM2 metadata daemon socket.
[[0;32m  OK  [0m] Listening on LVM2 metadata daemon socket.
[    9.396402] systemd[1]: Reached target Encrypted Volumes.
[[0;32m  OK  [0m] Reached target Encrypted Volumes.
[    9.423055] systemd[1]: Reached target System Time Synchronized.
[[0;32m  OK  [0m] Reached target System Time Synchronized.
[    9.437500] systemd[1]: Created slice System Slice.
[[0;32m  OK  [0m] Created slice System Slice.
[    9.472361] systemd[1]: Starting Nameserver information manager...
         Starting Nameserver information manager...
[    9.486548] systemd[1]: Mounting Debug File System...
         Mounting Debug File System...
[    9.490356] systemd[1]: Starting Load Kernel Modules...
         Starting Load Kernel Modules...
[    9.492305] systemd[1]: Starting Remount Root and Kernel File Systems...
[    9.494700] EXT4-fs (sda1): re-mounted. Opts: (null)
[    9.513842] Loading iSCSI transport class v2.0-870.
         Starting Remount Root and Kernel File S[    9.525211] iscsi: registered transport (tcp)
ystems...
[    9.536161] systemd[1]: Created slice system-serial\x2dgetty.slice.
[[0;32m  OK  [0m] Created slice system-serial\x2dgetty.slice.
[    9.551996] systemd[1]: Created slice User and Session Slice.
[[0;32m  OK  [0m] Created slice User and Session Slice.
[    9.561691] iscsi: registered transport (iser)
[    9.564248] systemd[1]: Starting Create list of required static device nodes for the current kernel...
         Starting Create list of required st... nodes for the current kernel...
[    9.566789] systemd[1]: Started Forward Password Requests to Wall Directory Watch.
[[0;32m  OK  [0m] Started Forward Password Requests to Wall Directory Watch.
[    9.594186] systemd[1]: Listening on Journal Audit Socket.
[[0;32m  OK  [0m] Listening on Journal Audit Socket.
[    9.596017] systemd[1]: Started Trigger resolvconf update for networkd DNS.
[[0;32m  OK  [0m] Started Trigger resolvconf update for networkd DNS.
[    9.611320] systemd[1]: Starting Uncomplicated firewall...
         Starting Uncomplicated firewall...
[    9.633391] systemd[1]: Starting Set console keymap...
         Starting Set console keymap...
[    9.638301] systemd[1]: Mounting POSIX Message Queue File System...
         Mounting POSIX Message Queue File System...
[    9.658389] systemd[1]: Listening on Syslog Socket.
[[0;32m  OK  [0m] Listening on Syslog Socket.
[    9.672823] systemd[1]: Listening on LVM2 poll daemon socket.
[[0;32m  OK  [0m] Listening on LVM2 poll daemon socket.
[    9.700227] systemd[1]: Listening on udev Control Socket.
[[0;32m  OK  [0m] Listening on udev Control Socket.
[    9.701917] systemd[1]: Listening on Journal Socket (/dev/log).
[[0;32m  OK  [0m] Listening on Journal Socket (/dev/log).
[    9.740488] systemd[1]: Starting Journal Service...
         Starting Journal Service...
[    9.758558] systemd[1]: Set up automount Arbitrary Executable File Formats File System Automount Point.
[[0;32m  OK  [0m] Set up automount Arbitrary Executab...ats File System Automount Point.
[    9.762327] systemd[1]: Starting Monitoring of LVM2 mirrors, snapshots etc. using dmeventd or progress polling...
         Starting Monitoring of LVM2 mirrors... dmeventd or progress polling...
[    9.771651] systemd[1]: Mounting Huge Pages File System...
         Mounting Huge Pages File System...
[    9.792334] systemd[1]: Reached target Slices.
[[0;32m  OK  [0m] Reached target Slices.
[    9.821082] systemd[1]: Mounted Huge Pages File System.
[[0;32m  OK  [0m] Mounted Huge Pages File System.
[    9.845569] systemd[1]: Mounted POSIX Message Queue File System.
[[0;32m  OK  [0m] Mounted POSIX Message Queue File System.
[    9.856274] systemd[1]: Mounted Debug File System.
[[0;32m  OK  [0m] Mounted Debug File System.
[    9.877024] systemd[1]: Started Journal Service.
[[0;32m  OK  [0m] Started Journal Service.
[[0;32m  OK  [0m] Started Load Kernel Modules.
[[0;32m  OK  [0m] Started Remount Root and Kernel File Systems.
[[0;32m  OK  [0m] Started Create list of required sta...ce nodes for the current kernel.
[[0;32m  OK  [0m] Started Uncomplicated firewall.
[[0;32m  OK  [0m] Started Set console keymap.
[[0;32m  OK  [0m] Started Nameserver information manager.
[    9.942334] random: nonblocking pool is initialized
[[0;32m  OK  [0m] Started LVM2 metadata daemon.
         Starting Create Static Device Nodes in /dev...
         Starting udev Coldplug all Devices...
         Starting Load/Save Random Seed...
         Starting Apply Kernel Variables...
         Mounting FUSE Control File System...
         Starting Flush Journal to Persistent Storage...
[[0;32m  OK  [0m] Mounted FUSE Control File System.
[[0;32m  OK  [0m] Started Create Static Device Nodes in /dev.
[[0;32m  OK  [0m] Started Load/Save Random Seed.
[[0;32m  OK  [0m] Started Apply Kernel Variables.
[[0;32m  OK  [0m] Started udev Coldplug all Devices.
[[0;32m  OK  [0m] Started Flush Journal to Persistent Storage.
         Starting udev Kernel Device Manager...
[[0;32m  OK  [0m] Started udev Kernel Device Manager.
[[0;32m  OK  [0m] Started Dispatch Password Requests to Console Directory Watch.
[[0;32m  OK  [0m] Found device /dev/ttyS0.
[[0;32m  OK  [0m] Listening on Load/Save RF Kill Switch Status /dev/rfkill Watch.
[[0;32m  OK  [0m] Found device 82540EM Gigabit Ethern...r (PRO/1000 MT Desktop Adapter).
[[0;32m  OK  [0m] Found device 82540EM Gigabit Ethern...r (PRO/1000 MT Desktop Adapter).
[[0;32m  OK  [0m] Started Monitoring of LVM2 mirrors,...ng dmeventd or progress polling.
[[0;32m  OK  [0m] Reached target Local File Systems (Pre).
[[0;32m  OK  [0m] Reached target Local File Systems.
         Starting Set console font and keymap...
         Starting LSB: AppArmor initialization...
         Starting Initial cloud-init job (pre-networking)...
         Starting Create Volatile Files and Directories...
         Starting Tell Plymouth To Write Out Runtime Data...
[[0;32m  OK  [0m] Started Create Volatile Files and Directories.
[[0;32m  OK  [0m] Started Tell Plymouth To Write Out Runtime Data.
         Starting Update UTMP about System Boot/Shutdown...
[[0;32m  OK  [0m] Started Update UTMP about System Boot/Shutdown.
[[0;32m  OK  [0m] Started Set console font and keymap.
[[0;32m  OK  [0m] Created slice system-getty.slice.
[[0;32m  OK  [0m] Started LSB: AppArmor initialization.
[    9.740662] cloud-init[661]: Cloud-init v. 18.4-0ubuntu1~16.04.2 running 'init-local' at Mon, 11 Feb 2019 10:37:42 +0000. Up 9.49 seconds.
[[0;32m  OK  [0m] Started Initial cloud-init job (pre-networking).
[[0;32m  OK  [0m] Reached target Network (Pre).
[[0;32m  OK  [0m] Started ifup for enp0s8.
         Starting Raise network interfaces...
[[0;32m  OK  [0m] Started ifup for enp0s3.
[[0;32m  OK  [0m] Started Raise network interfaces.
[[0;32m  OK  [0m] Reached target Network.
         Starting Initial cloud-init job (metadata service crawler)...
[   10.682802] cloud-init[1060]: Cloud-init v. 18.4-0ubuntu1~16.04.2 running 'init' at Mon, 11 Feb 2019 10:37:43 +0000. Up 10.36 seconds.
[   10.715919] cloud-init[1060]: ci-info: ++++++++++++++++++++++++++++++++++++++Net device info+++++++++++++++++++++++++++++++++++++++
[   10.738800] cloud-init[1060]: ci-info: +--------+------+-----------------------------+---------------+--------+-------------------+
[   10.744250] [[0;32m  OK  [0m] Started Initial cloud-init job (metadata service crawler).
cloud-init[1060]: ci-info: | Device |  Up  |           Address           |      Mask     | Scope  |     Hw-Address    |
[   10.757348] [[0;32m  OK  [0m] Reached target Cloud-config availability.
cloud-init[1060]: ci-info: +--------+------+-----------------------------+---------------+--------+-------------------+
[[0;32m  OK  [0m] Reached target System Initialization.
[   10.758082] cloud-init[1060]: ci-info: | enp0s3 | True |          10.0.2.15          | 255.255.255.0 | global | 02:82:01:2e:28:d8 |
[   10.765493] cloud-init[1060]: ci-info: | enp0s3 | True |  fe80::82:1ff:fe2e:28d8/64  |       .       |  link  | 02:82:01:2e:28:d8 |
[   10.766813] cloud-init[1060]: ci-info: | enp0s8 | True |        192.168.205.12       | 255.255.255.0 | global | 08:00:27:4b:88:71 |[[0;32m  OK  [0m] Started Daily apt download activities.

[[0;32m  OK  [0m] Started Daily apt upgrade and clean activities.
[   10.768055] [[0;32m  OK  [0m] Listening on D-Bus System Message Bus Socket.
cloud-init[[0;32m  OK  [0m] Started Daily Cleanup of Temporary Directories.
[1060]: ci-info: | enp0s8 | True | fe80::a00:27ff:fe4b:8871/64 |       .       |  link  | 08:00:27:4b:88:71 |
[   10.825161] [[0;32m  OK  [0m] Started ACPI Events Check.
cloud-init[[0;32m  OK  [0m] Reached target Paths.
[1060]: [[0;32m  OK  [0m] Listening on UUID daemon activation socket.
ci-info: |   lo   | True |          127.0.0.1          |   255.0.0.0   |  host  |         .         |         Starting LXD - unix socket.

         Starting Socket activation for snappy daemon.
[[0;32m  OK  [0m] Listening on ACPID Listen Socket.
[[0;32m  OK  [0m] Reached target Timers.
[[0;32m  OK  [0m] Reached target Network is Online.
[   10.849620] cloud-init[1060]: ci-info: |   lo   | True |           ::1/128           |       .       |  host  |         .         |
         [   10.849944] cloud-init[1060]: ci-info: +--------+------+-----------------------------+---------------+--------+-------------------+
Starting iSCSI initiator daemon (iscsid)...[   10.851821] cloud-init[1060]: ci-info: ++++++++++++++++++++++++++++Route IPv4 info+++++++++++++++++++++++++++++

[   10.852527] cloud-init[1060]: ci-info: +-------+---------------+----------+---------------+-----------+-------+
[   10.906998] cloud-init[1060]: ci-info: | Route |  Destination  | Gateway  |    Genmask    | Interface | Flags |
[   10.948675] cloud-init[1060]: ci-info: +-------+---------------+----------+---------------+-----------+-------+
[[0;32m  OK  [0m] Listening on LXD - unix socket.
[[   10.949197] cloud-init[1060]: ci-info: |   0   |    0.0.0.0    | 10.0.2.2 |    0.0.0.0    |   enp0s3  |   UG  |
[0;32m  OK  [0m[   10.971175] cloud-init[1060]: ci-info: |   1   |    10.0.2.0   | 0.0.0.0  | 255.255.255.0 |   enp0s3  |   U   |
] Listening on Socket activation for snappy daemon.
[   10.971404] cloud-init[1060]: ci-info: |   2   | 192.168.205.0 | 0.0.0.0  | 255.255.255.0 |   enp0s8  |   U   |
[   11.001426] cloud-init[1060]: ci-info: +-------+---------------+----------+---------------+-----------+-------+
[   11.052633] cloud-init[1060]: ci-info: +++++++++++++++++++Route IPv6 info+++++++++++++++++++
[[   11.052859] cloud-init[1060]: ci-info: +-------+-------------+---------+-----------+-------+
[0;32m  OK  [0m] Reached target Sockets.
[[   11.053407] cloud-init[1060]: ci-info: | Route | Destination | Gateway | Interface | Flags |
[0;32m  OK  [0m[   11.068532] cloud-init[1060]: ci-info: +-------+-------------+---------+-----------+-------+
] [   11.069490] cloud-init[1060]: ci-info: |   0   |  fe80::/64  |    ::   |   enp0s8  |   U   |
Reached target Basic System.[   11.070370] cloud-init[1060]: ci-info: |   1   |  fe80::/64  |    ::   |   enp0s3  |   U   |

[   11.071486] cloud-init[1060]: ci-info: |   4   |   ff00::/8  |    ::   |   enp0s8  |   U   |
[   11.093129] cloud-init[1060]: ci-info: |   5   |   ff00::/8  |    ::   |   enp0s3  |   U   |
         [   11.093351] cloud-init[1060]: ci-info: +-------+-------------+---------+-----------+-------+
Starting System Logging Service...
[[0;32m  OK  [0m] Started Regular background program processing daemon.
         Starting LXD - container startup/shutdown...
[[0;32m  OK  [0m] Started FUSE filesystem for LXC.
         Starting Virtualbox guest utils...
[[0;32m  OK  [0m] Started D-Bus System Message Bus.
         Starting /etc/rc.local Compatibility...
[[0;32m  OK  [0m] Started Unattended Upgrades Shutdown.
         Starting LSB: MD monitoring daemon...
[[0;32m  OK  [0m] Started Deferred execution scheduler.
         Starting Accounts Service...
         Starting Snappy daemon...
         Starting LSB: Record successful boot for GRUB...
         Starting Login Service...
         Starting OpenBSD Secure Shell server...
[[0;32m  OK  [0m] Started ACPI event daemon.
[[0;32m  OK  [0m] Started System Logging Service.
[[0;32m  OK  [0m] Started iSCSI initiator daemon (iscsid).
[[0;32m  OK  [0m] Started LXD - container startup/shutdown.
[[0;32m  OK  [0m] Started /etc/rc.local Compatibility.
[[0;32m  OK  [0m] Started OpenBSD Secure Shell server.
[[0;32m  OK  [0m] Started Snappy daemon.
[[0;32m  OK  [0m] Started LSB: MD monitoring daemon.
[[0;32m  OK  [0m] Started LSB: Record successful boot for GRUB.
[[0;32m  OK  [0m] Started Login Service.
         Starting Authenticate and Authorize Users to Run Privileged Tasks...
         Starting Wait until snapd is fully seeded...
         Starting Login to default iSCSI targets...
[[0;32m  OK  [0m] Started Virtualbox guest utils.
[[0;32m  OK  [0m] Started Wait until snapd is fully seeded.
[[0;32m  OK  [0m] Started Authenticate and Authorize Users to Run Privileged Tasks.
[[0;32m  OK  [0m] Started Accounts Service.
         Starting Apply the settings specified in cloud-config...
[[0;32m  OK  [0m] Started Login to default iSCSI targets.
[[0;32m  OK  [0m] Reached target Remote File Systems (Pre).
[[0;32m  OK  [0m] Reached target Remote File Systems.
         Starting LSB: daemon to balance interrupts for SMP systems...
         Starting LSB: automatic crash report generation...
         Starting LSB: Set the CPU Frequency Scaling governor to "ondemand"...
         Starting Permit User Sessions...
[[0;32m  OK  [0m] Started Permit User Sessions.
         Starting Terminate Plymouth Boot Screen...
         Starting Hold until boot process finishes up...
[[0;32m  OK  [0m] Started LSB: daemon to balance interrupts for SMP systems.
[[0;32m  OK  [0m] Started LSB: automatic crash report generation.
[[0;32m  OK  [0m] Started LSB: Set the CPU Frequency Scaling governor to "ondemand".
[[0;32m  OK  [0m] Started Terminate Plymouth Boot Screen.
[[0;32m  OK  [0m] Started Hold until boot process finishes up.
[   12.184154] cloud-init[1243]: Cloud-init v. 18.4-0ubuntu1~16.04.2 running 'modules:config' at Mon, 11 Feb 2019 10:37:44 +0000. Up 12.06 seconds.
[[0;32m  OK  [0m] Created slice User Slice of vagrant.
[[0;32m  OK  [0m] Started Session 1 of user vagrant.
         Starting User Manager for UID 1000...
         Starting Set console scheme...
[[0;32m  OK  [0m] Started Getty on tty1.
[[0;32m  OK  [0m] Started Serial Getty on ttyS0.
[[0;32m  OK  [0m] Reached target Login Prompts.
[[0;32m  OK  [0m] Reached target Multi-User System.
[[0;32m  OK  [0m] Reached target Graphical Interface.
         Starting Update UTMP about System Runlevel Changes...
[[0;32m  OK  [0m] Started User Manager for UID 1000.
[[0;32m  OK  [0m] Started Apply the settings specified in cloud-config.
[[0;32m  OK  [0m] Started Set console scheme.
[[0;32m  OK  [0m] Started Update UTMP about System Runlevel Changes.
         Starting Execute cloud user/final scripts...
[   12.882608] cloud-init[1322]: Cloud-init v. 18.4-0ubuntu1~16.04.2 running 'modules:final' at Mon, 11 Feb 2019 10:37:45 +0000. Up 12.77 seconds.
[   12.889881] cloud-init[1322]: Cloud-init v. 18.4-0ubuntu1~16.04.2 finished at Mon, 11 Feb 2019 10:37:45 +0000. Datasource DataSourceNoCloud [seed=/dev/sdb][dsmode=net].  Up 12.87 seconds
[[0;32m  OK  [0m] Started Execute cloud user/final scripts.
[[0;32m  OK  [0m] Reached target Cloud-init target.

Ubuntu 16.04.5 LTS k8s-node-2 ttyS0

k8s-node-2 login: 